#
# There is insufficient memory for the Java Runtime Environment to continue.
# Native memory allocation (mmap) failed to map 121634816 bytes for G1 virtual space
# Possible reasons:
#   The system is out of physical RAM or swap space
#   The process is running with CompressedOops enabled, and the Java Heap may be blocking the growth of the native heap
# Possible solutions:
#   Reduce memory load on the system
#   Increase physical memory or swap space
#   Check if swap backing store is full
#   Decrease Java heap size (-Xmx/-Xms)
#   Decrease number of Java threads
#   Decrease Java thread stack sizes (-Xss)
#   Set larger code cache with -XX:ReservedCodeCacheSize=
#   JVM is running with Unscaled Compressed Oops mode in which the Java heap is
#     placed in the first 4GB address space. The Java Heap base address is the
#     maximum limit for the native heap growth. Please use -XX:HeapBaseMinAddress
#     to set the Java Heap base and to place the Java Heap above 4GB virtual address.
# This output file may be truncated or incomplete.
#
#  Out of Memory Error (os_windows.cpp:3825), pid=13160, tid=8648
#
# JRE version:  (17.0.10+8) (build )
# Java VM: OpenJDK 64-Bit Server VM (17.0.10+8-b1207.12, mixed mode, sharing, tiered, compressed oops, compressed class ptrs, g1 gc, windows-amd64)
# No core dump will be written. Minidumps are not enabled by default on client versions of Windows
#

---------------  S U M M A R Y ------------

Command Line: git4idea.http.GitAskPassApp Username for 'https://github.com': 

Host: AMD A10-4655M APU with Radeon(tm) HD Graphics  , 4 cores, 7G,  Windows 10 , 64 bit Build 17763 (10.0.17763.4974)
Time: Wed May 22 17:24:17 2024 Горное время США (лето) elapsed time: 0.125959 seconds (0d 0h 0m 0s)

---------------  T H R E A D  ---------------

Current thread (0x000001c34454b650):  JavaThread "Unknown thread" [_thread_in_vm, id=8648, stack(0x00000038eb500000,0x00000038eb600000)]

Stack: [0x00000038eb500000,0x00000038eb600000]
Native frames: (J=compiled Java code, j=interpreted, Vv=VM code, C=native code)
V  [jvm.dll+0x687989]
V  [jvm.dll+0x84116a]
V  [jvm.dll+0x842dae]
V  [jvm.dll+0x843413]
V  [jvm.dll+0x249ccf]
V  [jvm.dll+0x684759]
V  [jvm.dll+0x67900a]
V  [jvm.dll+0x30ab0b]
V  [jvm.dll+0x311fb6]
V  [jvm.dll+0x361d5e]
V  [jvm.dll+0x361f8f]
V  [jvm.dll+0x2e07f8]
V  [jvm.dll+0x2e1764]
V  [jvm.dll+0x811c31]
V  [jvm.dll+0x36fc11]
V  [jvm.dll+0x7f0666]
V  [jvm.dll+0x3f3daf]
V  [jvm.dll+0x3f5a41]
C  [jli.dll+0x528f]
C  [ucrtbase.dll+0x2268a]
C  [KERNEL32.DLL+0x17ac4]
C  [ntdll.dll+0x5a4e1]


---------------  P R O C E S S  ---------------

Threads class SMR info:
_java_thread_list=0x00007ffff5c0df58, length=0, elements={
}

Java Threads: ( => current thread )

Other Threads:
  0x000001c3445a0a70 GCTaskThread "GC Thread#0" [stack: 0x00000038eb600000,0x00000038eb700000] [id=8696]
  0x000001c3445b1010 ConcurrentGCThread "G1 Main Marker" [stack: 0x00000038eb700000,0x00000038eb800000] [id=10936]
  0x000001c3445b1a30 ConcurrentGCThread "G1 Conc#0" [stack: 0x00000038eb800000,0x00000038eb900000] [id=940]

[error occurred during error reporting (printing all threads), id 0xc0000005, EXCEPTION_ACCESS_VIOLATION (0xc0000005) at pc=0x00007ffff53c13c7]

VM state: not at safepoint (not fully initialized)

VM Mutex/Monitor currently owned by a thread:  ([mutex/lock_event])
[0x000001c3445477b0] Heap_lock - owner thread: 0x000001c34454b650

Heap address: 0x000000008ce00000, size: 1842 MB, Compressed Oops mode: 32-bit

CDS archive(s) mapped at: [0x0000000000000000-0x0000000000000000-0x0000000000000000), size 0, SharedBaseAddress: 0x0000000800000000, ArchiveRelocationMode: 1.
Narrow klass base: 0x0000000000000000, Narrow klass shift: 0, Narrow klass range: 0x0

GC Precious Log:
<Empty>

Heap:
 garbage-first heap   total 0K, used 0K [0x000000008ce00000, 0x0000000100000000)
  region size 1024K, 0 young (0K), 0 survivors (0K)
 Metaspace       used 0K, committed 0K, reserved 0K
  class space    used 0K, committed 0K, reserved 0K

Heap Regions: E=young(eden), S=young(survivor), O=old, HS=humongous(starts), HC=humongous(continues), CS=collection set, F=free, OA=open archive, CA=closed archive, TAMS=top-at-mark-start (previous, next)

Card table byte_map: [0x000001c358eb0000,0x000001c359250000] _byte_map_base: 0x000001c358a49000

Marking Bits (Prev, Next): (CMBitMap*) 0x000001c3445a20a0, (CMBitMap*) 0x000001c3445a20e0
 Prev Bits: [0x000001c3595f0000, 0x000001c35b2b8000)
 Next Bits: [0x000001c35b2c0000, 0x000001c35cf88000)

GC Heap History (0 events):
No events

Dll operation events (1 events):
Event: 0.042 Loaded shared library C:\Users\Elina\AppData\Local\Programs\IntelliJ IDEA Community Edition\jbr\bin\java.dll

Deoptimization events (0 events):
No events

Classes unloaded (0 events):
No events

Classes redefined (0 events):
No events

Internal exceptions (0 events):
No events

VM Operations (0 events):
No events

Events (0 events):
No events


Dynamic libraries:
0x00007ff71c840000 - 0x00007ff71c84a000 	C:\Users\Elina\AppData\Local\Programs\IntelliJ IDEA Community Edition\jbr\bin\java.exe
0x00007ff818180000 - 0x00007ff81836e000 	C:\Windows\SYSTEM32\ntdll.dll
0x00007ff815c50000 - 0x00007ff815d03000 	C:\Windows\System32\KERNEL32.DLL
0x00007ff814300000 - 0x00007ff81459d000 	C:\Windows\System32\KERNELBASE.dll
0x00007ff814200000 - 0x00007ff8142fa000 	C:\Windows\System32\ucrtbase.dll
0x00007ff80cbe0000 - 0x00007ff80cbf7000 	C:\Users\Elina\AppData\Local\Programs\IntelliJ IDEA Community Edition\jbr\bin\jli.dll
0x00007ffff80d0000 - 0x00007ffff80eb000 	C:\Users\Elina\AppData\Local\Programs\IntelliJ IDEA Community Edition\jbr\bin\VCRUNTIME140.dll
0x00007ff817bd0000 - 0x00007ff817d67000 	C:\Windows\System32\USER32.dll
0x00007ff8152f0000 - 0x00007ff815310000 	C:\Windows\System32\win32u.dll
0x00007ff8153a0000 - 0x00007ff8153c9000 	C:\Windows\System32\GDI32.dll
0x00007ff80ab60000 - 0x00007ff80add9000 	C:\Windows\WinSxS\amd64_microsoft.windows.common-controls_6595b64144ccf1df_6.0.17763.5820_none_de6fe986534c6745\COMCTL32.dll
0x00007ff8145a0000 - 0x00007ff81474a000 	C:\Windows\System32\gdi32full.dll
0x00007ff815890000 - 0x00007ff81592e000 	C:\Windows\System32\msvcrt.dll
0x00007ff815050000 - 0x00007ff8150f0000 	C:\Windows\System32\msvcp_win.dll
0x00007ff817760000 - 0x00007ff817a8b000 	C:\Windows\System32\combase.dll
0x00007ff817f00000 - 0x00007ff818018000 	C:\Windows\System32\RPCRT4.dll
0x00007ff815310000 - 0x00007ff815392000 	C:\Windows\System32\bcryptPrimitives.dll
0x00007ff815bc0000 - 0x00007ff815bee000 	C:\Windows\System32\IMM32.DLL
0x00007ff80ec10000 - 0x00007ff80ec1c000 	C:\Users\Elina\AppData\Local\Programs\IntelliJ IDEA Community Edition\jbr\bin\vcruntime140_1.dll
0x00007fffd8290000 - 0x00007fffd831d000 	C:\Users\Elina\AppData\Local\Programs\IntelliJ IDEA Community Edition\jbr\bin\msvcp140.dll
0x00007ffff50d0000 - 0x00007ffff5d52000 	C:\Users\Elina\AppData\Local\Programs\IntelliJ IDEA Community Edition\jbr\bin\server\jvm.dll
0x00007ff815670000 - 0x00007ff815718000 	C:\Windows\System32\ADVAPI32.dll
0x00007ff817a90000 - 0x00007ff817b32000 	C:\Windows\System32\sechost.dll
0x00007ff814750000 - 0x00007ff814776000 	C:\Windows\System32\bcrypt.dll
0x00007ff8141a0000 - 0x00007ff8141fd000 	C:\Windows\System32\POWRPROF.dll
0x00007ff80b2c0000 - 0x00007ff80b2e4000 	C:\Windows\SYSTEM32\WINMM.dll
0x00007ff806200000 - 0x00007ff806209000 	C:\Windows\SYSTEM32\WSOCK32.dll
0x00007ff808ca0000 - 0x00007ff808caa000 	C:\Windows\SYSTEM32\VERSION.dll
0x00007ff817b60000 - 0x00007ff817bcd000 	C:\Windows\System32\WS2_32.dll
0x00007ff80b290000 - 0x00007ff80b2bd000 	C:\Windows\SYSTEM32\WINMMBASE.dll
0x00007ff814f80000 - 0x00007ff814fca000 	C:\Windows\System32\cfgmgr32.dll
0x00007ff814130000 - 0x00007ff814141000 	C:\Windows\System32\kernel.appcore.dll
0x00007ff810690000 - 0x00007ff81069a000 	C:\Users\Elina\AppData\Local\Programs\IntelliJ IDEA Community Edition\jbr\bin\jimage.dll
0x00007ff812b40000 - 0x00007ff812d2d000 	C:\Windows\SYSTEM32\DBGHELP.DLL
0x00007ff80ee60000 - 0x00007ff80ee8a000 	C:\Windows\SYSTEM32\dbgcore.DLL
0x00007ff80cfe0000 - 0x00007ff80d005000 	C:\Users\Elina\AppData\Local\Programs\IntelliJ IDEA Community Edition\jbr\bin\java.dll

dbghelp: loaded successfully - version: 4.0.5 - missing functions: none
symbol engine: initialized successfully - sym options: 0x614 - pdb path: .;C:\Users\Elina\AppData\Local\Programs\IntelliJ IDEA Community Edition\jbr\bin;C:\Windows\SYSTEM32;C:\Windows\WinSxS\amd64_microsoft.windows.common-controls_6595b64144ccf1df_6.0.17763.5820_none_de6fe986534c6745;C:\Users\Elina\AppData\Local\Programs\IntelliJ IDEA Community Edition\jbr\bin\server

VM Arguments:
java_command: git4idea.http.GitAskPassApp Username for 'https://github.com': 
java_class_path (initial): C:/Users/Elina/AppData/Local/Programs/IntelliJ IDEA Community Edition/plugins/vcs-git/lib/git4idea-rt.jar;C:/Users/Elina/AppData/Local/Programs/IntelliJ IDEA Community Edition/lib/externalProcess-rt.jar
Launcher Type: SUN_STANDARD

[Global flags]
     intx CICompilerCount                          = 3                                         {product} {ergonomic}
     uint ConcGCThreads                            = 1                                         {product} {ergonomic}
     uint G1ConcRefinementThreads                  = 4                                         {product} {ergonomic}
   size_t G1HeapRegionSize                         = 1048576                                   {product} {ergonomic}
    uintx GCDrainStackTargetSize                   = 64                                        {product} {ergonomic}
   size_t InitialHeapSize                          = 121634816                                 {product} {ergonomic}
   size_t MarkStackSize                            = 4194304                                   {product} {ergonomic}
   size_t MaxHeapSize                              = 1931476992                                {product} {ergonomic}
   size_t MinHeapDeltaBytes                        = 1048576                                   {product} {ergonomic}
   size_t MinHeapSize                              = 8388608                                   {product} {ergonomic}
    uintx NonNMethodCodeHeapSize                   = 5832780                                {pd product} {ergonomic}
    uintx NonProfiledCodeHeapSize                  = 122912730                              {pd product} {ergonomic}
    uintx ProfiledCodeHeapSize                     = 122912730                              {pd product} {ergonomic}
    uintx ReservedCodeCacheSize                    = 251658240                              {pd product} {ergonomic}
     bool SegmentedCodeCache                       = true                                      {product} {ergonomic}
   size_t SoftMaxHeapSize                          = 1931476992                             {manageable} {ergonomic}
     bool UseCompressedClassPointers               = true                           {product lp64_product} {ergonomic}
     bool UseCompressedOops                        = true                           {product lp64_product} {ergonomic}
     bool UseG1GC                                  = true                                      {product} {ergonomic}
     bool UseLargePagesIndividualAllocation        = false                                  {pd product} {ergonomic}

Logging:
Log output configuration:
 #0: stdout all=warning uptime,level,tags
 #1: stderr all=off uptime,level,tags

Environment Variables:
PATH=C:/Program Files/Git/mingw64/libexec/git-core;C:/Program Files/Git/mingw64/libexec/git-core;C:\Program Files\Git\mingw64\bin;C:\Program Files\Git\usr\bin;C:\Users\Elina\bin;C:\Program Files\Common Files\Oracle\Java\javapath;C:\Program Files (x86)\Common Files\Oracle\Java\javapath;C:\Windows\system32;C:\Windows;C:\Windows\System32\Wbem;C:\Windows\System32\WindowsPowerShell\v1.0\;C:\Windows\System32\OpenSSH\;C:\Program Files\Git\cmd;C:\Program Files\MySQL\MySQL Shell 8.0\bin\;C:\Users\Elina\AppData\Local\Microsoft\WindowsApps;C:\Users\Elina\AppData\Local\JetBrains\Toolbox\scripts
USERNAME=Elina
DISPLAY=:0.0
LC_ALL=en_US.UTF-8
TERM=xterm-256color
TMPDIR=C:\Users\Elina\AppData\Local\Temp
OS=Windows_NT
PROCESSOR_IDENTIFIER=AMD64 Family 21 Model 16 Stepping 1, AuthenticAMD
TMP=C:\Users\Elina\AppData\Local\Temp
TEMP=C:\Users\Elina\AppData\Local\Temp



Periodic native trim disabled

JNI global refs:
JNI global refs: 0, weak refs: 0

JNI global refs memory usage: 0, weak refs: 0

OOME stack traces (most recent first):
Classloader memory used:


---------------  S Y S T E M  ---------------

OS:
 Windows 10 , 64 bit Build 17763 (10.0.17763.4974)
OS uptime: 6 days 3:57 hours

CPU: total 4 (initial active 4) (4 cores per cpu, 1 threads per core) family 21 model 16 stepping 1 microcode 0x0, cx8, cmov, fxsr, mmx, 3dnowpref, sse, sse2, sse3, ssse3, sse4a, sse4.1, sse4.2, popcnt, lzcnt, tsc, tscinvbit, avx, aes, clmul, bmi1, fma, vzeroupper, clflush
Processor Information for all 4 processors :
  Max Mhz: 2000, Current Mhz: 2000, Mhz Limit: 2000

Memory: 4k page, system-wide physical 7366M (1684M free)
TotalPageFile size 9414M (AvailPageFile size 19M)
current process WorkingSet (physical memory assigned to process): 10M, peak: 10M
current process commit charge ("private bytes"): 51M, peak: 167M

vm_info: OpenJDK 64-Bit Server VM (17.0.10+8-b1207.12) for windows-amd64 JRE (17.0.10+8-b1207.12), built on 2024-03-15 by "builduser" with MS VC++ 16.10 / 16.11 (VS2019)

END.
